<?xml version="1.0" encoding="UTF-8"?>
<testsuite xmlns:xsi="http://www.w3.org/2001/XMLSchema-instance" xsi:noNamespaceSchemaLocation="https://maven.apache.org/surefire/maven-surefire-plugin/xsd/surefire-test-report.xsd" version="3.0.2" name="com.proticket.auth.ProticketAuthServiceApplicationTests" time="5.232" tests="1" errors="0" skipped="0" failures="0">
  <properties>
[...]
</properties>
  <testcase name="contextLoads" classname="com.proticket.auth.ProticketAuthServiceApplicationTests" time="0.387">
    <system-out><![CDATA[00:04:55.185 [main] INFO org.springframework.test.context.support.AnnotationConfigContextLoaderUtils -- Could not detect default configuration classes for test class [com.proticket.auth.ProticketAuthServiceApplicationTests]: ProticketAuthServiceApplicationTests does not declare any static, non-private, non-final, nested classes annotated with @Configuration.
00:04:55.288 [main] INFO org.springframework.boot.test.context.SpringBootTestContextBootstrapper -- Found @SpringBootConfiguration com.proticket.auth.ProticketAuthServiceApplication for test class com.proticket.auth.ProticketAuthServiceApplicationTests

  .   ____          _            __ _ _
 /\\ / ___'_ __ _ _(_)_ __  __ _ \ \ \ \
( ( )\___ | '_ | '_| | '_ \/ _` | \ \ \ \
 \\/  ___)| |_)| | | | | || (_| |  ) ) ) )
  '  |____| .__|_| |_|_| |_\__, | / / / /
 =========|_|==============|___/=/_/_/_/

 :: Spring Boot ::                (v3.5.7)

2025-11-10T00:04:55.759-05:00  INFO 995775 --- [           main] p.a.ProticketAuthServiceApplicationTests : Starting ProticketAuthServiceApplicationTests using Java 22.0.2 with PID 995775 (started by nous in /home/nous/Documents/Universidad/Universidad Distrital/7th_semester_2025_3/engineering_seminary/proticket/proticket/app/backend/auth)
2025-11-10T00:04:55.760-05:00 DEBUG 995775 --- [           main] p.a.ProticketAuthServiceApplicationTests : Running with Spring Boot v3.5.7, Spring v6.2.12
2025-11-10T00:04:55.761-05:00  INFO 995775 --- [           main] p.a.ProticketAuthServiceApplicationTests : The following 1 profile is active: "test"
2025-11-10T00:04:56.733-05:00  INFO 995775 --- [           main] .s.d.r.c.RepositoryConfigurationDelegate : Bootstrapping Spring Data JPA repositories in DEFAULT mode.
2025-11-10T00:04:56.786-05:00  INFO 995775 --- [           main] .s.d.r.c.RepositoryConfigurationDelegate : Finished Spring Data repository scanning in 44 ms. Found 3 JPA repository interfaces.
2025-11-10T00:04:57.267-05:00  INFO 995775 --- [           main] o.hibernate.jpa.internal.util.LogHelper  : HHH000204: Processing PersistenceUnitInfo [name: default]
2025-11-10T00:04:57.313-05:00  INFO 995775 --- [           main] org.hibernate.Version                    : HHH000412: Hibernate ORM core version 6.6.33.Final
2025-11-10T00:04:57.338-05:00  INFO 995775 --- [           main] o.h.c.internal.RegionFactoryInitiator    : HHH000026: Second-level cache disabled
2025-11-10T00:04:57.543-05:00  INFO 995775 --- [           main] o.s.o.j.p.SpringPersistenceUnitInfo      : No LoadTimeWeaver setup: ignoring JPA class transformer
2025-11-10T00:04:57.566-05:00  INFO 995775 --- [           main] com.zaxxer.hikari.HikariDataSource       : HikariPool-1 - Starting...
2025-11-10T00:04:57.722-05:00  INFO 995775 --- [           main] com.zaxxer.hikari.pool.HikariPool        : HikariPool-1 - Added connection conn0: url=jdbc:h2:mem:testdb user=SA
2025-11-10T00:04:57.723-05:00  INFO 995775 --- [           main] com.zaxxer.hikari.HikariDataSource       : HikariPool-1 - Start completed.
2025-11-10T00:04:57.742-05:00  WARN 995775 --- [           main] org.hibernate.orm.deprecation            : HHH90000025: H2Dialect does not need to be specified explicitly using 'hibernate.dialect' (remove the property setting and it will be selected by default)
2025-11-10T00:04:57.756-05:00  INFO 995775 --- [           main] org.hibernate.orm.connections.pooling    : HHH10001005: Database info:
	Database JDBC URL [Connecting through datasource 'HikariDataSource (HikariPool-1)']
	Database driver: undefined/unknown
	Database version: 2.3.232
	Autocommit mode: undefined/unknown
	Isolation level: undefined/unknown
	Minimum pool size: undefined/unknown
	Maximum pool size: undefined/unknown
2025-11-10T00:04:58.422-05:00  INFO 995775 --- [           main] o.h.e.t.j.p.i.JtaPlatformInitiator       : HHH000489: No JTA platform available (set 'hibernate.transaction.jta.platform' to enable JTA platform integration)
Hibernate: drop table if exists password_reset_tokens cascade 
Hibernate: drop table if exists roles cascade 
Hibernate: drop table if exists users cascade 
Hibernate: create table password_reset_tokens (used boolean not null, expires_at timestamp(6) not null, id_token varchar(36) not null, user_id varchar(36) not null, token_hash varchar(255) not null, primary key (id_token))
Hibernate: create table roles (id_role integer generated by default as identity, role_name varchar(50) not null unique, primary key (id_role))
Hibernate: create table users (role_id integer not null, created_at timestamp(6), last_login timestamp(6), id_user varchar(36) not null, email varchar(255) not null unique, password_hash varchar(255) not null, primary key (id_user))
Hibernate: create index idx_tokens_user on password_reset_tokens (user_id)
Hibernate: create index idx_tokens_expires on password_reset_tokens (expires_at)
Hibernate: create index idx_users_role on users (role_id)
Hibernate: alter table if exists password_reset_tokens add constraint FKk3ndxg5xp6v7wd4gjyusp15gq foreign key (user_id) references users
Hibernate: alter table if exists users add constraint FKp56c1712k691lhsyewcssf40f foreign key (role_id) references roles
2025-11-10T00:04:58.483-05:00  INFO 995775 --- [           main] j.LocalContainerEntityManagerFactoryBean : Initialized JPA EntityManagerFactory for persistence unit 'default'
2025-11-10T00:04:58.834-05:00  INFO 995775 --- [           main] r$InitializeUserDetailsManagerConfigurer : Global AuthenticationManager configured with UserDetailsService bean with name dbUserDetailsService
2025-11-10T00:04:58.905-05:00  WARN 995775 --- [           main] JpaBaseConfiguration$JpaWebConfiguration : spring.jpa.open-in-view is enabled by default. Therefore, database queries may be performed during view rendering. Explicitly configure spring.jpa.open-in-view to disable this warning
2025-11-10T00:04:59.307-05:00  INFO 995775 --- [           main] o.s.b.a.e.web.EndpointLinksResolver      : Exposing 1 endpoint beneath base path '/actuator'
2025-11-10T00:04:59.811-05:00  INFO 995775 --- [           main] p.a.ProticketAuthServiceApplicationTests : Started ProticketAuthServiceApplicationTests in 4.403 seconds (process running for 5.219)
]]></system-out>
    <system-err><![CDATA[Mockito is currently self-attaching to enable the inline-mock-maker. This will no longer work in future releases of the JDK. Please add Mockito as an agent to your build as described in Mockito's documentation: https://javadoc.io/doc/org.mockito/mockito-core/latest/org.mockito/org/mockito/Mockito.html#0.3
WARNING: A Java agent has been loaded dynamically (/home/nous/.m2/repository/net/bytebuddy/byte-buddy-agent/1.17.8/byte-buddy-agent-1.17.8.jar)
WARNING: If a serviceability tool is in use, please run with -XX:+EnableDynamicAgentLoading to hide this warning
WARNING: If a serviceability tool is not in use, please run with -Djdk.instrument.traceUsage for more information
WARNING: Dynamic loading of agents will be disallowed by default in a future release
]]></system-err>
  </testcase>
</testsuite>